[
    {
        "TimeGenerated": "2024-11-19 20:31:49",
        "SourceName": "VSS",
        "EventID": 8224,
        "EventType": 4,
        "Message": ""
    },
    {
        "TimeGenerated": "2024-11-19 20:28:49",
        "SourceName": "System Restore",
        "EventID": 8216,
        "EventType": 4,
        "Message": "C:\\WINDOWS\\system32\\svchost.exe -k netsvcs -p -s wuauserv | Windows 업데이트"
    },
    {
        "TimeGenerated": "2024-11-19 20:27:57",
        "SourceName": "Microsoft-Windows-System-Restore",
        "EventID": 8302,
        "EventType": 4,
        "Message": "\\\\?\\GLOBALROOT\\Device\\HarddiskVolumeShadowCopy3 | 0x0 | 462453 | 2285222 | 1025178 | 569166 | 884711 | 882651"
    },
    {
        "TimeGenerated": "2024-11-19 20:27:57",
        "SourceName": "Microsoft-Windows-System-Restore",
        "EventID": 8301,
        "EventType": 4,
        "Message": "\\\\?\\GLOBALROOT\\Device\\HarddiskVolumeShadowCopy3 | 0x0 | 462453 | 2285222 | 1025178 | 569166 | 884711 | 882651"
    },
    {
        "TimeGenerated": "2024-11-19 20:27:45",
        "SourceName": "Software Protection Platform Service",
        "EventID": 16384,
        "EventType": 4,
        "Message": "2124-10-26T11:27:45Z | RulesEngine"
    },
    {
        "TimeGenerated": "2024-11-19 20:27:15",
        "SourceName": "Software Protection Platform Service",
        "EventID": 1033,
        "EventType": 4,
        "Message": "(Security-SPP-Reserved-EnableNotificationMode)  | 55c92734-d682-4d71-983e-d6ec3f16059f | 0567073a-7d74-403b-b2d5-6b35da372d8d"
    },
    {
        "TimeGenerated": "2024-11-19 20:27:15",
        "SourceName": "Software Protection Platform Service",
        "EventID": 1034,
        "EventType": 4,
        "Message": "Security-SPP-WriteWauMarker | 500"
    },
    {
        "TimeGenerated": "2024-11-19 20:27:15",
        "SourceName": "Software Protection Platform Service",
        "EventID": 1034,
        "EventType": 4,
        "Message": "AAD-BlockAADWorkplaceJoin-Default | 100"
    },
    {
        "TimeGenerated": "2024-11-19 20:27:14",
        "SourceName": "Software Protection Platform Service",
        "EventID": 16394,
        "EventType": 4,
        "Message": "N/A"
    },
    {
        "TimeGenerated": "2024-11-19 20:27:07",
        "SourceName": "Windows Error Reporting",
        "EventID": 1001,
        "EventType": 4,
        "Message": "1155978855963167774 | 5 | StoreAgentInstallFailure1 | 사용할 수 없음 | 0 | Update;ScanForUpdates | 80248007 | 22631 | 4460 | Windows.Desktop | F |  |  |  |  | \r\n\\\\?\\C:\\ProgramData\\Microsoft\\Windows\\WER\\Temp\\WER.eb67c50d-4053-4ed3-9f69-769b4c356009.tmp.WERInternalMetadata.xml | \\\\?\\C:\\ProgramData\\Microsoft\\Windows\\WER\\ReportArchive\\NonCritical_Update;ScanForUp_a03c1b865f29961fdce11ebd3c184fc5e1c28_00000000_a096608c-2593-4e76-b7f9-48c919a57fc8 |  | 0 | a096608c-2593-4e76-b7f9-48c919a57fc8 | 268435456 | d979af84160941d3300adca5158c0c1e | 0"
    },
    {
        "TimeGenerated": "2024-11-19 20:27:03",
        "SourceName": "Windows Error Reporting",
        "EventID": 1001,
        "EventType": 4,
        "Message": " | 0 | StoreAgentInstallFailure1 | 사용할 수 없음 | 0 | Update;ScanForUpdates | 80248007 | 22631 | 4460 | Windows.Desktop | F |  |  |  |  |  | \\\\?\\C:\\ProgramData\\Microsoft\\Windows\\WER\\ReportQueue\\NonCritical_Update;ScanForUp_a03c1b865f29961fdce11ebd3c184fc5e1c28_00000000_a096608c-2593-4e76-b7f9-48c919a57fc8 |  | 0 | a096608c-2593-4e76-b7f9-48c919a57fc8 | 4 |  | 0"
    },
    {
        "TimeGenerated": "2024-11-19 20:27:01",
        "SourceName": "System Restore",
        "EventID": 8216,
        "EventType": 4,
        "Message": "C:\\WINDOWS\\system32\\svchost.exe -k netsvcs -p -s wuauserv | Windows 업데이트"
    },
    {
        "TimeGenerated": "2024-11-19 20:26:13",
        "SourceName": "Microsoft-Windows-System-Restore",
        "EventID": 8300,
        "EventType": 4,
        "Message": "\\\\?\\GLOBALROOT\\Device\\HarddiskVolumeShadowCopy3"
    },
    {
        "TimeGenerated": "2024-11-19 20:26:02",
        "SourceName": "System Restore",
        "EventID": 8194,
        "EventType": 4,
        "Message": "C:\\WINDOWS\\system32\\svchost.exe -k netsvcs -p -s wuauserv | Windows 업데이트"
    },
    {
        "TimeGenerated": "2024-11-19 20:25:56",
        "SourceName": "ESENT",
        "EventID": 326,
        "EventType": 4,
        "Message": "svchost | 19016,D,50 | DS_Token_DB:  | 1 | C:\\WINDOWS\\system32\\config\\systemprofile\\AppData\\Local\\DataSharing\\Storage\\DSTokenDB2.dat | 0 | \n[1] 0.000004 +J(0)\n[2] 0.001314 -0.000236 (1) WT +J(0) +M(C:0K, Fs:17, WS:4K # 8K, PF:4K # 0K, P:4K)\n[3] 0.006205 -0.000370 (6) WT +J(CM:0, PgRf:0, Rd:0/0, Dy:0/0, Lg:3480/2) +M(C:0K, Fs:6, WS:20K # 0K, PF:20K # 0K, P:20K)\n[4] 0.001886 +J(0)\n[5] -\n[6] 0.000333 -0.000258 (2) CM -0.000182 (2) WT +J(CM:2, PgRf:2, Rd:0/2, Dy:0/0, Lg:0/0)\n[7] 0.000006 +J(0) +M(C:0K, Fs:1, WS:4K # 0K, PF:0K # 0K, P:0K)\n[8] 0.000329 -0.000160 (1) CM -0.000116 (1) WT +J(CM:1, PgRf:1, Rd:4/1, Dy:0/0, Lg:0/0) +M(C:16K, Fs:20, WS:80K # 40K, PF:208K # 168K, P:208K)\n[9] -\n[10] -\n[11] -\n[12] 0.000013 +J(CM:0, PgRf:0, Rd:0/0, Dy:0/0, Lg:54/1) +M(C:0K, Fs:1, WS:4K # 4K, PF:20K # 16K, P:20K)\n[13] 0.000427 -0.000257 (2) CM -0.000192 (2) WT +J(CM:2, PgRf:23, Rd:0/2, Dy:0/0, Lg:0/0) +M(C:-8K, Fs:18, WS:64K # 72K, PF:-4K # 4K, P:-4K)\n[14] 0.000453 -0.000297 (2) CM -0.000223 (2) WT +J(CM:2, PgRf:40, Rd:0/2, Dy:0/0, Lg:0/0) +M(C:0K, Fs:3, WS:12K # 4K, PF:64K # 56K, P:64K)\n[15] 0.000007 +J(CM:0, PgRf:1, Rd:0/0, Dy:0/0, Lg:0/0)\n[16] 0.000010 +J(CM:0, PgRf:1, Rd:0/0, Dy:0/0, Lg:0/0) +M(C:0K, Fs:1, WS:4K # 4K, PF:0K # 0K, P:0K)\n[17] 0.000048 +J(CM:0, PgRf:42, Rd:0/0, Dy:0/0, Lg:0/0) +M(C:0K, Fs:4, WS:16K # 16K, PF:0K # 0K, P:0K)\n[18] 0.0 +J(0)\n[19] 0.0 +J(0)\n[20] 0.000005 +J(CM:0, PgRf:1, Rd:0/0, Dy:0/0, Lg:0/0). | 1 0 | lgposAttach = 000000A9:0008:0268,\ndbv = 1568.230.500 (9480)"
    },
    {
        "TimeGenerated": "2024-11-19 20:25:56",
        "SourceName": "ESENT",
        "EventID": 105,
        "EventType": 4,
        "Message": "svchost | 19016,D,0 | DS_Token_DB:  | 0 | 0 | \n[1] 0.000731 +J(0) +M(C:0K, Fs:152, WS:592K # 592K, PF:2828K # 2828K, P:2828K)\n[2] 0.000577 +J(0) +M(C:8K, Fs:172, WS:680K # 680K, PF:1224K # 1224K, P:1224K)\n[3] 0.000020 +J(0) +M(C:0K, Fs:8, WS:28K # 28K, PF:68K # 68K, P:68K)\n[4] 0.000132 +J(0) +M(C:0K, Fs:77, WS:308K # 308K, PF:180K # 180K, P:180K)\n[5] 0.006715 +J(0) +M(C:0K, Fs:37, WS:148K # 148K, PF:24K # 24K, P:24K)\n[6] 0.004910 +J(0) +M(C:0K, Fs:73, WS:288K # 288K, PF:48K # 48K, P:48K)\n[7] 0.003549 -0.000311 (2) WT +J(0) +M(C:0K, Fs:32, WS:128K # 128K, PF:64K # 64K, P:64K)\n[8] 0.027006 -0.006833 (12) WT +J(CM:0, PgRf:0, Rd:0/0, Dy:0/0, Lg:20280/14) +M(C:0K, Fs:125, WS:340K # 344K, PF:244K # 248K, P:244K)\n[9] 0.000948 +J(0) +M(C:0K, Fs:8, WS:32K # 28K, PF:8K # 4K, P:8K)\n[10] 0.001538 -0.000476 (1) WT +J(0) +M(C:0K, Fs:0, WS:-60K # 0K, PF:-60K # 0K, P:-60K)\n[11] 0.000032 +J(CM:0, PgRf:0, Rd:0/0, Dy:0/0, Lg:49/1) +M(C:0K, Fs:5, WS:20K # 0K, PF:0K # 0K, P:0K)\n[12] 0.000989 +J(0)\n[13] 0.033707 -0.000305 (2) CM -0.002288 (17) WT +J(CM:2, PgRf:2, Rd:0/2, Dy:0/0, Lg:8759/5) +M(C:0K, Fs:66, WS:148K # 172K, PF:244K # 252K, P:244K)\n[14] 0.000020 +J(0)\n[15] 0.000019 +J(0)\n[16] 0.000871 -0.000044 (1) WT +J(0) +M(C:0K, Fs:2, WS:0K # 0K, PF:0K # 0K, P:0K). | lgposV2[] = 000000A9:0001:0000 - 000000A9:0005:0039 - 000000A9:0006:0000 - 000000A9:0006:0000 (00000000:0000:0000)\ncReInits = 1\nRBSOn = 0\n"
    },
    {
        "TimeGenerated": "2024-11-19 20:25:56",
        "SourceName": "ESENT",
        "EventID": 302,
        "EventType": 4,
        "Message": "svchost | 19016,U,98 | DS_Token_DB: "
    },
    {
        "TimeGenerated": "2024-11-19 20:25:56",
        "SourceName": "ESENT",
        "EventID": 301,
        "EventType": 4,
        "Message": "svchost | 19016,R,98 | DS_Token_DB:  | C:\\WINDOWS\\system32\\config\\systemprofile\\AppData\\Local\\DataSharing\\Storage\\DSS.log | \n[1] 0.018010 -0.006309 (8) WT +J(CM:0, PgRf:0, Rd:0/0, Dy:0/0, Lg:20280/14) +M(C:0K, Fs:71, WS:204K # 144K, PF:160K # 96K, P:160K). | FWriteLog | 2"
    },
    {
        "TimeGenerated": "2024-11-19 20:25:56",
        "SourceName": "ESENT",
        "EventID": 300,
        "EventType": 4,
        "Message": "svchost | 19016,R,98 | DS_Token_DB: "
    },
    {
        "TimeGenerated": "2024-11-19 20:25:56",
        "SourceName": "ESENT",
        "EventID": 102,
        "EventType": 4,
        "Message": "svchost | 19016,P,98 | DS_Token_DB:  | 0 | 10 | 00 | 22631 | 0000"
    },
    {
        "TimeGenerated": "2024-11-19 20:25:39",
        "SourceName": "Universal Print",
        "EventID": 1,
        "EventType": 4,
        "Message": "Initialization Successful. Enabled=false, CloudPrintSolution=Unknown, DiscoveryEndpoint=, OAuthAuthority=, OAuthClientId=, DiscoveryResourceId=, PrintResourceId= | mcpmanagementservice.dll"
    },
    {
        "TimeGenerated": "2024-11-19 20:25:39",
        "SourceName": "Universal Print",
        "EventID": 1,
        "EventType": 4,
        "Message": "Device is neither AAD/Domain Joined or Workplace Joined. | mcpmanagementservice.dll"
    },
    {
        "TimeGenerated": "2024-11-19 20:24:15",
        "SourceName": "SecurityCenter",
        "EventID": 15,
        "EventType": 4,
        "Message": "Windows Defender | SECURITY_PRODUCT_STATE_ON"
    },
    {
        "TimeGenerated": "2024-11-19 20:24:02",
        "SourceName": "Software Protection Platform Service",
        "EventID": 16384,
        "EventType": 4,
        "Message": "2124-10-26T11:24:02Z | RulesEngine"
    },
    {
        "TimeGenerated": "2024-11-19 20:23:13",
        "SourceName": "Software Protection Platform Service",
        "EventID": 16394,
        "EventType": 4,
        "Message": "N/A"
    },
    {
        "TimeGenerated": "2024-11-19 20:09:47",
        "SourceName": "Software Protection Platform Service",
        "EventID": 16384,
        "EventType": 4,
        "Message": "2124-10-26T11:09:47Z | RulesEngine"
    },
    {
        "TimeGenerated": "2024-11-19 20:08:53",
        "SourceName": "edgeupdate",
        "EventID": 0,
        "EventType": 4,
        "Message": "Service stopped"
    },
    {
        "TimeGenerated": "2024-11-19 20:08:46",
        "SourceName": "Application",
        "EventID": 101,
        "EventType": 4,
        "Message": "App Name : C:\\ProgramData\\LG Software\\LG PC Care\\LGPCCareExtension.exe\nApp Version : 1.2008.601.0"
    },
    {
        "TimeGenerated": "2024-11-19 20:08:41",
        "SourceName": "Software Protection Platform Service",
        "EventID": 16394,
        "EventType": 4,
        "Message": "N/A"
    },
    {
        "TimeGenerated": "2024-11-19 20:08:38",
        "SourceName": "LGSCService",
        "EventID": 0,
        "EventType": 4,
        "Message": "서비스에서 PowerEvent를 처리했습니다."
    },
    {
        "TimeGenerated": "2024-11-19 20:08:38",
        "SourceName": "LGControlCenterSVC",
        "EventID": 0,
        "EventType": 4,
        "Message": "서비스에서 PowerEvent를 처리했습니다."
    },
    {
        "TimeGenerated": "2024-11-19 20:08:38",
        "SourceName": "igccservice",
        "EventID": 0,
        "EventType": 4,
        "Message": "서비스에서 PowerEvent를 처리했습니다."
    },
    {
        "TimeGenerated": "2024-11-19 20:08:38",
        "SourceName": "Service1",
        "EventID": 0,
        "EventType": 4,
        "Message": "서비스에서 PowerEvent를 처리했습니다."
    },
    {
        "TimeGenerated": "2024-11-19 20:08:14",
        "SourceName": "igfxCUIService2.0.0.0",
        "EventID": 0,
        "EventType": 4,
        "Message": "Received Post Shell Event 2\n"
    },
    {
        "TimeGenerated": "2024-11-19 20:08:14",
        "SourceName": "Wlclntfy",
        "EventID": 6000,
        "EventType": 4,
        "Message": "SessionEnv"
    },
    {
        "TimeGenerated": "2024-11-19 20:08:12",
        "SourceName": "igfxCUIService2.0.0.0",
        "EventID": 0,
        "EventType": 4,
        "Message": "Logon: 2\n"
    },
    {
        "TimeGenerated": "2024-11-19 20:08:12",
        "SourceName": "igfxCUIService2.0.0.0",
        "EventID": 0,
        "EventType": 4,
        "Message": "Log on event received User1\n"
    },
    {
        "TimeGenerated": "2024-11-19 20:08:12",
        "SourceName": "LGSCService",
        "EventID": 0,
        "EventType": 4,
        "Message": "서비스에서 PowerEvent를 처리했습니다."
    },
    {
        "TimeGenerated": "2024-11-19 20:08:12",
        "SourceName": "LGControlCenterSVC",
        "EventID": 0,
        "EventType": 4,
        "Message": "서비스에서 PowerEvent를 처리했습니다."
    },
    {
        "TimeGenerated": "2024-11-19 20:08:12",
        "SourceName": "igccservice",
        "EventID": 0,
        "EventType": 4,
        "Message": "서비스에서 PowerEvent를 처리했습니다."
    },
    {
        "TimeGenerated": "2024-11-19 20:08:12",
        "SourceName": "Service1",
        "EventID": 0,
        "EventType": 4,
        "Message": "서비스에서 PowerEvent를 처리했습니다."
    },
    {
        "TimeGenerated": "2024-11-19 20:08:12",
        "SourceName": "LGSCService",
        "EventID": 0,
        "EventType": 4,
        "Message": "서비스에서 PowerEvent를 처리했습니다."
    },
    {
        "TimeGenerated": "2024-11-19 20:08:12",
        "SourceName": "LGControlCenterSVC",
        "EventID": 0,
        "EventType": 4,
        "Message": "서비스에서 PowerEvent를 처리했습니다."
    },
    {
        "TimeGenerated": "2024-11-19 20:08:12",
        "SourceName": "igccservice",
        "EventID": 0,
        "EventType": 4,
        "Message": "서비스에서 PowerEvent를 처리했습니다."
    },
    {
        "TimeGenerated": "2024-11-19 20:08:12",
        "SourceName": "Service1",
        "EventID": 0,
        "EventType": 4,
        "Message": "서비스에서 PowerEvent를 처리했습니다."
    },
    {
        "TimeGenerated": "2024-11-19 20:08:11",
        "SourceName": "Service1",
        "EventID": 0,
        "EventType": 1,
        "Message": "PowerEvent를 처리하지 못했습니다. 다음 오류가 발생했습니다. System.NullReferenceException: 개체 참조가 개체의 인스턴스로 설정되지 않았습니다.\r\n   위치: DeviceManager.Service1.OnPowerEvent(PowerBroadcastStatus powerStatus)\r\n   위치: System.ServiceProcess.ServiceBase.DeferredPowerEvent(Int32 eventType, IntPtr eventData)"
    },
    {
        "TimeGenerated": "2024-11-19 20:08:10",
        "SourceName": "LGSCService",
        "EventID": 0,
        "EventType": 4,
        "Message": "서비스에서 PowerEvent를 처리했습니다."
    },
    {
        "TimeGenerated": "2024-11-19 20:08:10",
        "SourceName": "LGControlCenterSVC",
        "EventID": 0,
        "EventType": 4,
        "Message": "서비스에서 PowerEvent를 처리했습니다."
    },
    {
        "TimeGenerated": "2024-11-19 20:08:10",
        "SourceName": "igccservice",
        "EventID": 0,
        "EventType": 4,
        "Message": "서비스에서 PowerEvent를 처리했습니다."
    },
    {
        "TimeGenerated": "2024-11-19 20:08:09",
        "SourceName": "Wlclntfy",
        "EventID": 6003,
        "EventType": 4,
        "Message": "SessionEnv"
    },
    {
        "TimeGenerated": "2024-11-19 01:20:52",
        "SourceName": "LGSCService",
        "EventID": 0,
        "EventType": 4,
        "Message": "서비스에서 PowerEvent를 처리했습니다."
    },
    {
        "TimeGenerated": "2024-11-19 01:20:52",
        "SourceName": "Service1",
        "EventID": 0,
        "EventType": 4,
        "Message": "서비스에서 PowerEvent를 처리했습니다."
    },
    {
        "TimeGenerated": "2024-11-19 01:20:52",
        "SourceName": "igccservice",
        "EventID": 0,
        "EventType": 4,
        "Message": "서비스에서 PowerEvent를 처리했습니다."
    },
    {
        "TimeGenerated": "2024-11-19 01:20:52",
        "SourceName": "LGControlCenterSVC",
        "EventID": 0,
        "EventType": 4,
        "Message": "서비스에서 PowerEvent를 처리했습니다."
    },
    {
        "TimeGenerated": "2024-11-19 01:20:50",
        "SourceName": "Wlclntfy",
        "EventID": 6000,
        "EventType": 4,
        "Message": "SessionEnv"
    },
    {
        "TimeGenerated": "2024-11-19 01:20:50",
        "SourceName": "Wlclntfy",
        "EventID": 6000,
        "EventType": 4,
        "Message": "WSearch"
    },
    {
        "TimeGenerated": "2024-11-19 01:20:42",
        "SourceName": "Desktop Window Manager",
        "EventID": 9027,
        "EventType": 4,
        "Message": "N/A"
    },
    {
        "TimeGenerated": "2024-11-19 00:22:08",
        "SourceName": "Software Protection Platform Service",
        "EventID": 16384,
        "EventType": 4,
        "Message": "2124-10-25T15:22:08Z | RulesEngine"
    },
    {
        "TimeGenerated": "2024-11-19 00:21:38",
        "SourceName": "Software Protection Platform Service",
        "EventID": 16394,
        "EventType": 4,
        "Message": "N/A"
    },
    {
        "TimeGenerated": "2024-11-18 23:23:00",
        "SourceName": "Software Protection Platform Service",
        "EventID": 16384,
        "EventType": 4,
        "Message": "2124-10-25T14:23:00Z | RulesEngine"
    },
    {
        "TimeGenerated": "2024-11-18 23:22:30",
        "SourceName": "Software Protection Platform Service",
        "EventID": 16394,
        "EventType": 4,
        "Message": "N/A"
    },
    {
        "TimeGenerated": "2024-11-18 23:13:58",
        "SourceName": "Universal Print",
        "EventID": 1,
        "EventType": 4,
        "Message": "Initialization Successful. Enabled=false, CloudPrintSolution=Unknown, DiscoveryEndpoint=, OAuthAuthority=, OAuthClientId=, DiscoveryResourceId=, PrintResourceId= | mcpmanagementservice.dll"
    },
    {
        "TimeGenerated": "2024-11-18 23:13:58",
        "SourceName": "Universal Print",
        "EventID": 1,
        "EventType": 4,
        "Message": "Device is neither AAD/Domain Joined or Workplace Joined. | mcpmanagementservice.dll"
    },
    {
        "TimeGenerated": "2024-11-18 23:05:31",
        "SourceName": "Software Protection Platform Service",
        "EventID": 16384,
        "EventType": 4,
        "Message": "2124-10-25T14:05:31Z | RulesEngine"
    },
    {
        "TimeGenerated": "2024-11-18 23:05:00",
        "SourceName": "Software Protection Platform Service",
        "EventID": 16394,
        "EventType": 4,
        "Message": "N/A"
    },
    {
        "TimeGenerated": "2024-11-18 22:41:44",
        "SourceName": "Software Protection Platform Service",
        "EventID": 16384,
        "EventType": 4,
        "Message": "2124-10-25T13:41:44Z | RulesEngine"
    },
    {
        "TimeGenerated": "2024-11-18 22:41:04",
        "SourceName": "Software Protection Platform Service",
        "EventID": 16394,
        "EventType": 4,
        "Message": "N/A"
    },
    {
        "TimeGenerated": "2024-11-18 22:38:56",
        "SourceName": "VSS",
        "EventID": 8224,
        "EventType": 4,
        "Message": ""
    },
    {
        "TimeGenerated": "2024-11-18 22:37:41",
        "SourceName": "SecurityCenter",
        "EventID": 15,
        "EventType": 4,
        "Message": "Windows Defender | SECURITY_PRODUCT_STATE_ON"
    },
    {
        "TimeGenerated": "2024-11-18 22:36:37",
        "SourceName": "Software Protection Platform Service",
        "EventID": 16384,
        "EventType": 4,
        "Message": "2124-10-25T13:36:37Z | RulesEngine"
    },
    {
        "TimeGenerated": "2024-11-18 22:36:07",
        "SourceName": "Software Protection Platform Service",
        "EventID": 16394,
        "EventType": 4,
        "Message": "N/A"
    },
    {
        "TimeGenerated": "2024-11-18 22:36:06",
        "SourceName": "Software Protection Platform Service",
        "EventID": 16384,
        "EventType": 4,
        "Message": "2124-10-25T13:36:06Z | RulesEngine"
    },
    {
        "TimeGenerated": "2024-11-18 22:35:56",
        "SourceName": "System Restore",
        "EventID": 8216,
        "EventType": 4,
        "Message": "C:\\WINDOWS\\system32\\svchost.exe -k netsvcs -p -s wuauserv | Windows 업데이트"
    },
    {
        "TimeGenerated": "2024-11-18 22:35:11",
        "SourceName": "Software Protection Platform Service",
        "EventID": 16394,
        "EventType": 4,
        "Message": "N/A"
    },
    {
        "TimeGenerated": "2024-11-18 22:34:02",
        "SourceName": "Software Protection Platform Service",
        "EventID": 16384,
        "EventType": 4,
        "Message": "2124-10-25T13:34:02Z | RulesEngine"
    },
    {
        "TimeGenerated": "2024-11-18 22:33:18",
        "SourceName": "Universal Print",
        "EventID": 1,
        "EventType": 4,
        "Message": "Initialization Successful. Enabled=false, CloudPrintSolution=Unknown, DiscoveryEndpoint=, OAuthAuthority=, OAuthClientId=, DiscoveryResourceId=, PrintResourceId= | mcpmanagementservice.dll"
    },
    {
        "TimeGenerated": "2024-11-18 22:33:18",
        "SourceName": "Universal Print",
        "EventID": 1,
        "EventType": 4,
        "Message": "Device is neither AAD/Domain Joined or Workplace Joined. | mcpmanagementservice.dll"
    },
    {
        "TimeGenerated": "2024-11-18 22:33:17",
        "SourceName": "edgeupdate",
        "EventID": 0,
        "EventType": 4,
        "Message": "Service stopped"
    },
    {
        "TimeGenerated": "2024-11-18 22:33:10",
        "SourceName": "Software Protection Platform Service",
        "EventID": 16394,
        "EventType": 4,
        "Message": "N/A"
    },
    {
        "TimeGenerated": "2024-11-18 22:33:06",
        "SourceName": "AGMService",
        "EventID": 0,
        "EventType": 4,
        "Message": "AGMService | AGMService in OnStop"
    },
    {
        "TimeGenerated": "2024-11-18 22:30:28",
        "SourceName": "Microsoft-Windows-RestartManager",
        "EventID": 10001,
        "EventType": 4,
        "Message": "1 | 2024-11-18T13:29:18.5362740Z"
    },
    {
        "TimeGenerated": "2024-11-18 22:29:18",
        "SourceName": "Microsoft-Windows-RestartManager",
        "EventID": 10000,
        "EventType": 4,
        "Message": "1 | 2024-11-18T13:29:18.5362740Z"
    },
    {
        "TimeGenerated": "2024-11-18 22:28:32",
        "SourceName": "Software Protection Platform Service",
        "EventID": 903,
        "EventType": 0,
        "Message": "N/A"
    },
    {
        "TimeGenerated": "2024-11-18 22:28:32",
        "SourceName": "Software Protection Platform Service",
        "EventID": 16384,
        "EventType": 4,
        "Message": "2124-10-25T13:28:32Z | RulesEngine"
    },
    {
        "TimeGenerated": "2024-11-18 22:28:01",
        "SourceName": "SecurityCenter",
        "EventID": 15,
        "EventType": 4,
        "Message": "Windows Defender | SECURITY_PRODUCT_STATE_ON"
    },
    {
        "TimeGenerated": "2024-11-18 22:27:58",
        "SourceName": "SecurityCenter",
        "EventID": 1,
        "EventType": 4,
        "Message": "N/A"
    },
    {
        "TimeGenerated": "2024-11-18 22:27:56",
        "SourceName": "Software Protection Platform Service",
        "EventID": 902,
        "EventType": 0,
        "Message": "10.0.22621.4391"
    },
    {
        "TimeGenerated": "2024-11-18 22:27:56",
        "SourceName": "Software Protection Platform Service",
        "EventID": 1003,
        "EventType": 4,
        "Message": "55c92734-d682-4d71-983e-d6ec3f16059f | \n1: 0567073a-7d74-403b-b2d5-6b35da372d8d, 1, 1 [(0 )(1 )(2 [0x00000000, 1, 0], [(?)( 1 0x00000000)(?)(?)(?)(?)( 10 0x00000000 msft:rm/algorithm/flags/1.0)(?)])(3 )]\n2: 1b750385-9fe2-49a8-ab55-149d0546395b, 1, 0 [(0 [0xC004F014, 0, 0], [(?)(?)(?)(?)(?)(?)(?)(?)])(1 )(2 )(3 )]\n3: 1d873132-f09f-4eb2-bf5a-2e4fb48935e8, 1, 0 [(0 [0xC004F014, 0, 0], [(?)(?)(?)(?)(?)(?)(?)(?)])(1 )(2 )(3 )]\n4: 2b1f36bb-c1cd-4306-bf5c-a0367c2d97d8, 1, 0 [(0 [0xC004F014, 0, 0], [(?)(?)(?)(?)(?)(?)(?)(?)])(1 )(2 )(3 )]\n5: 30d469c6-a78f-4476-b5c8-af78d5b6a5fb, 1, 0 [(0 [0xC004F014, 0, 0], [(?)(?)(?)(?)(?)(?)(?)(?)])(1 )(2 )(3 )]\n6: 3ae2cc14-ab2d-41f4-972f-5e20142771dc, 1, 0 [(0 [0xC004F014, 0, 0], [(?)(?)(?)(?)(?)(?)(?)(?)])(1 )(2 )(3 )]\n7: 4002e33a-524c-4100-8108-131a0d42c0ea, 1, 0 [(0 [0xC004F014, 0, 0], [(?)(?)(?)(?)(?)(?)(?)(?)])(1 )(2 )(3 )]\n8: 411b3d4f-be6d-4a06-baaa-9cabfc256cae, 1, 0 [(0 [0xC004F014, 0, 0], [(?)(?)(?)(?)(?)(?)(?)(?)])(1 )(2 )(3 )]\n9: 58e97c99-f377-4ef1-81d5-4ad5522b5fd8, 1, 0 [(0 [0xC004F014, 0, 0], [(?)(?)(?)(?)(?)(?)(?)(?)])(1 )(2 )(3 )]\n10: 653098ee-780d-4863-8cf2-d18399ce413b, 1, 0 [(0 [0xC004F014, 0, 0], [(?)(?)(?)(?)(?)(?)(?)(?)])(1 )(2 )(3 )]\n11: 71f411ae-7b4b-41bd-b68c-c519c499f950, 1, 0 [(0 [0xC004F014, 0, 0], [(?)(?)(?)(?)(?)(?)(?)(?)])(1 )(2 )(3 )]\n12: 74436dbb-cc17-46de-867f-14906ba4a938, 1, 0 [(0 [0xC004F014, 0, 0], [(?)(?)(?)(?)(?)(?)(?)(?)])(1 )(2 )(3 )]\n13: 8a292df8-d653-4057-8133-a0701792f912, 1, 0 [(0 [0xC004F014, 0, 0], [(?)(?)(?)(?)(?)(?)(?)(?)])(1 )(2 )(3 )]\n14: 8db63db6-4f8f-46d6-a448-66444faaaa72, 1, 0 [(0 [0xC004F014, 0, 0], [(?)(?)(?)(?)(?)(?)(?)(?)])(1 )(2 )(3 )]\n15: b0f8a518-2c58-4eb8-9319-084f0eb4ddc4, 1, 0 [(0 [0xC004F014, 0, 0], [(?)(?)(?)(?)(?)(?)(?)(?)])(1 )(2 )(3 )]\n16: cd918a57-a41b-4c82-8dce-1a538e221a83, 1, 0 [(0 [0xC004F014, 0, 0], [(?)(?)(?)(?)(?)(?)(?)(?)])(1 )(2 )(3 )]\n17: da9621af-f086-4244-b563-18611e51aa1a, 1, 0 [(0 [0xC004F014, 0, 0], [(?)(?)(?)(?)(?)(?)(?)(?)])(1 )(2 )(3 )]\n18: e371d89a-73e8-4b24-a7ff-23a3641dd18e, 1, 0 [(0 [0xC004F014, 0, 0], [(?)(?)(?)(?)(?)(?)(?)(?)])(1 )(2 )(3 )]\n19: ed799377-74b8-4989-a244-14d082e65972, 1, 0 [(0 [0xC004F014, 0, 0], [(?)(?)(?)(?)(?)(?)(?)(?)])(1 )(2 )(3 )]\n\n"
    },
    {
        "TimeGenerated": "2024-11-18 22:27:55",
        "SourceName": "Software Protection Platform Service",
        "EventID": 1066,
        "EventType": 4,
        "Message": "C:\\WINDOWS\\system32\\sppwinob.dll, msft:spp/windowsfunctionality/agent/7.0, 0x00000000, 0x00000000\nC:\\WINDOWS\\system32\\sppobjs.dll, msft:rm/algorithm/inherited/1.0, 0x00000000, 0x00000000\nC:\\WINDOWS\\system32\\sppobjs.dll, msft:rm/algorithm/phone/1.0, 0x00000000, 0x00000000\nC:\\WINDOWS\\system32\\sppobjs.dll, msft:rm/algorithm/pkey/detect, 0x00000000, 0x00000000\nC:\\WINDOWS\\system32\\sppobjs.dll, msft:spp/ActionScheduler/1.0, 0x00000000, 0x00000000\nC:\\WINDOWS\\system32\\sppobjs.dll, msft:spp/TaskScheduler/1.0, 0x00000000, 0x00000000\nC:\\WINDOWS\\system32\\sppobjs.dll, msft:spp/statecollector/pkey, 0x00000000, 0x00000000\nC:\\WINDOWS\\system32\\sppobjs.dll, msft:spp/volume/services/kms/1.0, 0x00000000, 0x00000000\nC:\\WINDOWS\\system32\\sppobjs.dll, msft:spp/volume/services/kms/activationinfo/1.0, 0x00000000, 0x00000000\n"
    },
    {
        "TimeGenerated": "2024-11-18 22:27:55",
        "SourceName": "Software Protection Platform Service",
        "EventID": 16394,
        "EventType": 4,
        "Message": "N/A"
    },
    {
        "TimeGenerated": "2024-11-18 22:27:55",
        "SourceName": "Software Protection Platform Service",
        "EventID": 900,
        "EventType": 4,
        "Message": "<explicit>"
    },
    {
        "TimeGenerated": "2024-11-18 22:27:54",
        "SourceName": "edgeupdate",
        "EventID": 0,
        "EventType": 4,
        "Message": "Service stopped"
    },
    {
        "TimeGenerated": "2024-11-18 22:26:45",
        "SourceName": "Universal Print",
        "EventID": 1,
        "EventType": 4,
        "Message": "Initialization Successful. Enabled=false, CloudPrintSolution=Unknown, DiscoveryEndpoint=, OAuthAuthority=, OAuthClientId=, DiscoveryResourceId=, PrintResourceId= | mcpmanagementservice.dll"
    },
    {
        "TimeGenerated": "2024-11-18 22:26:45",
        "SourceName": "Universal Print",
        "EventID": 1,
        "EventType": 4,
        "Message": "Device is neither AAD/Domain Joined or Workplace Joined. | mcpmanagementservice.dll"
    },
    {
        "TimeGenerated": "2024-11-18 22:26:39",
        "SourceName": "Application",
        "EventID": 101,
        "EventType": 4,
        "Message": "App Name : C:\\ProgramData\\LG Software\\LG PC Care\\LGPCCareExtension.exe\nApp Version : 1.2008.601.0"
    },
    {
        "TimeGenerated": "2024-11-18 22:25:56",
        "SourceName": "igfxCUIService2.0.0.0",
        "EventID": 0,
        "EventType": 4,
        "Message": "Received Post Shell Event 1\n"
    },
    {
        "TimeGenerated": "2024-11-18 22:25:56",
        "SourceName": "igfxCUIService2.0.0.0",
        "EventID": 0,
        "EventType": 4,
        "Message": "Logon: 1\n"
    },
    {
        "TimeGenerated": "2024-11-18 22:25:56",
        "SourceName": "igfxCUIService2.0.0.0",
        "EventID": 0,
        "EventType": 4,
        "Message": "Log on event received User1\n"
    },
    {
        "TimeGenerated": "2024-11-18 22:25:56",
        "SourceName": "Wlclntfy",
        "EventID": 6000,
        "EventType": 4,
        "Message": "SessionEnv"
    },
    {
        "TimeGenerated": "2024-11-18 22:25:55",
        "SourceName": "Wlclntfy",
        "EventID": 6003,
        "EventType": 4,
        "Message": "SessionEnv"
    },
    {
        "TimeGenerated": "2024-11-18 22:25:55",
        "SourceName": "LG UWP Service",
        "EventID": 0,
        "EventType": 4,
        "Message": "서비스가 시작되었습니다."
    },
    {
        "TimeGenerated": "2024-11-18 22:25:55",
        "SourceName": "Windows Search Service",
        "EventID": 1003,
        "EventType": 4,
        "Message": "\n"
    },
    {
        "TimeGenerated": "2024-11-18 22:25:54",
        "SourceName": "igccservice",
        "EventID": 0,
        "EventType": 4,
        "Message": "서비스가 시작되었습니다."
    },
    {
        "TimeGenerated": "2024-11-18 22:25:53",
        "SourceName": "LG Device Manager",
        "EventID": 0,
        "EventType": 4,
        "Message": "서비스가 시작되었습니다."
    },
    {
        "TimeGenerated": "2024-11-18 22:25:53",
        "SourceName": "Service1",
        "EventID": 0,
        "EventType": 4,
        "Message": "서비스가 시작되었습니다."
    },
    {
        "TimeGenerated": "2024-11-18 22:25:52",
        "SourceName": "Microsoft-Windows-WMI",
        "EventID": 5617,
        "EventType": 4,
        "Message": "N/A"
    },
    {
        "TimeGenerated": "2024-11-18 22:25:52",
        "SourceName": "Microsoft-Windows-WMI",
        "EventID": 5615,
        "EventType": 4,
        "Message": "N/A"
    },
    {
        "TimeGenerated": "2024-11-18 22:25:52",
        "SourceName": "LG Time Manager",
        "EventID": 0,
        "EventType": 4,
        "Message": "서비스가 시작되었습니다."
    },
    {
        "TimeGenerated": "2024-11-18 22:25:52",
        "SourceName": "LMS",
        "EventID": 0,
        "EventType": 4,
        "Message": "Service started/resumed"
    },
    {
        "TimeGenerated": "2024-11-18 22:25:52",
        "SourceName": "LMS",
        "EventID": 2000,
        "EventType": 4,
        "Message": "Local Management Service started."
    },
    {
        "TimeGenerated": "2024-11-18 22:25:52",
        "SourceName": "Wondershare InstallAssist",
        "EventID": 0,
        "EventType": 4,
        "Message": "Wondershare InstallAssist | WindowsService in OnStart"
    },
    {
        "TimeGenerated": "2024-11-18 22:25:52",
        "SourceName": "VPWalletService",
        "EventID": 0,
        "EventType": 4,
        "Message": "VPWalletService | VPWallet Demon in OnStart"
    },
    {
        "TimeGenerated": "2024-11-18 22:25:52",
        "SourceName": "LGSCService",
        "EventID": 0,
        "EventType": 4,
        "Message": "서비스가 시작되었습니다."
    },
    {
        "TimeGenerated": "2024-11-18 22:25:52",
        "SourceName": "RtkAudioUniversalService",
        "EventID": 0,
        "EventType": 4,
        "Message": "RtkAudioUniversalService | CppWindowsService in OnStart"
    },
    {
        "TimeGenerated": "2024-11-18 22:25:52",
        "SourceName": "LGControlCenterSVC",
        "EventID": 0,
        "EventType": 4,
        "Message": "서비스가 시작되었습니다."
    },
    {
        "TimeGenerated": "2024-11-18 22:25:52",
        "SourceName": "IntelDalJhi",
        "EventID": 0,
        "EventType": 4,
        "Message": "N/A"
    },
    {
        "TimeGenerated": "2024-11-18 22:25:52",
        "SourceName": "Bonjour Service",
        "EventID": 100,
        "EventType": 4,
        "Message": "Service started\n"
    },
    {
        "TimeGenerated": "2024-11-18 22:25:51",
        "SourceName": "AGMService",
        "EventID": 0,
        "EventType": 4,
        "Message": "AGMService | CppWindowsService in OnStart"
    },
    {
        "TimeGenerated": "2024-11-18 22:25:51",
        "SourceName": "Bonjour Service",
        "EventID": 100,
        "EventType": 4,
        "Message": "Service initialized"
    },
    {
        "TimeGenerated": "2024-11-18 22:25:51",
        "SourceName": "Bonjour Service",
        "EventID": 100,
        "EventType": 4,
        "Message": "Service initializing"
    },
    {
        "TimeGenerated": "2024-11-18 22:25:50",
        "SourceName": "Microsoft-Windows-User Profiles Service",
        "EventID": 1531,
        "EventType": 4,
        "Message": "N/A"
    },
    {
        "TimeGenerated": "2024-11-18 22:25:51",
        "SourceName": "igfxCUIService2.0.0.0",
        "EventID": 0,
        "EventType": 4,
        "Message": "Service started/resumed"
    },
    {
        "TimeGenerated": "2024-11-18 22:25:51",
        "SourceName": "EventSystem",
        "EventID": 4625,
        "EventType": 4,
        "Message": "86400 | SuppressDuplicateDuration | Software\\Microsoft\\EventSystem\\EventLog"
    },
    {
        "TimeGenerated": "2024-11-18 02:02:49",
        "SourceName": "Microsoft-Windows-User Profiles Service",
        "EventID": 1532,
        "EventType": 4,
        "Message": "N/A"
    },
    {
        "TimeGenerated": "2024-11-18 02:02:49",
        "SourceName": "Bonjour Service",
        "EventID": 100,
        "EventType": 4,
        "Message": "Service stopped (0)\n"
    },
    {
        "TimeGenerated": "2024-11-18 02:02:49",
        "SourceName": "LGSCService",
        "EventID": 0,
        "EventType": 4,
        "Message": "서비스가 종료되었습니다."
    },
    {
        "TimeGenerated": "2024-11-18 02:02:49",
        "SourceName": "LGControlCenterSVC",
        "EventID": 0,
        "EventType": 4,
        "Message": "서비스가 종료되었습니다."
    },
    {
        "TimeGenerated": "2024-11-18 02:02:49",
        "SourceName": "LMS",
        "EventID": 2000,
        "EventType": 4,
        "Message": "Local Management Service stopped."
    },
    {
        "TimeGenerated": "2024-11-18 02:02:49",
        "SourceName": "RtkAudioUniversalService",
        "EventID": 0,
        "EventType": 4,
        "Message": "RtkAudioUniversalService | CppWindowsService in OnStop"
    },
    {
        "TimeGenerated": "2024-11-18 02:02:49",
        "SourceName": "Service1",
        "EventID": 0,
        "EventType": 4,
        "Message": "서비스가 종료되었습니다."
    },
    {
        "TimeGenerated": "2024-11-18 02:02:49",
        "SourceName": "LG Time Manager",
        "EventID": 0,
        "EventType": 4,
        "Message": "서비스가 중지되었습니다."
    },
    {
        "TimeGenerated": "2024-11-18 02:02:47",
        "SourceName": "Software Protection Platform Service",
        "EventID": 903,
        "EventType": 0,
        "Message": "N/A"
    },
    {
        "TimeGenerated": "2024-11-18 02:02:47",
        "SourceName": "Software Protection Platform Service",
        "EventID": 16384,
        "EventType": 4,
        "Message": "2124-10-24T17:02:47Z | RulesEngine"
    },
    {
        "TimeGenerated": "2024-11-18 02:02:26",
        "SourceName": ".NET Runtime Optimization Service",
        "EventID": 1130,
        "EventType": 0,
        "Message": ".NET Runtime Optimization Service (4.0.30319.0) - Installed from repository: mscorlib"
    },
    {
        "TimeGenerated": "2024-11-18 02:02:24",
        "SourceName": ".NET Runtime Optimization Service",
        "EventID": 1130,
        "EventType": 0,
        "Message": ".NET Runtime Optimization Service (4.0.30319.0) - Installed from repository: mscorlib"
    },
    {
        "TimeGenerated": "2024-11-18 02:02:23",
        "SourceName": "Wlclntfy",
        "EventID": 6006,
        "EventType": 2,
        "Message": "TrustedInstaller | 67 | CreateSession"
    },
    {
        "TimeGenerated": "2024-11-18 02:02:17",
        "SourceName": "Software Protection Platform Service",
        "EventID": 902,
        "EventType": 0,
        "Message": "10.0.22621.4391"
    },
    {
        "TimeGenerated": "2024-11-18 02:02:17",
        "SourceName": "Software Protection Platform Service",
        "EventID": 1003,
        "EventType": 4,
        "Message": "55c92734-d682-4d71-983e-d6ec3f16059f | \n1: 0567073a-7d74-403b-b2d5-6b35da372d8d, 1, 0 [(0 )(1 )(2 [0x00000000, 1, 0], [(?)( 1 0x00000000)(?)(?)(?)(?)( 10 0x00000000 msft:rm/algorithm/flags/1.0)(?)])(3 )]\n2: 1b750385-9fe2-49a8-ab55-149d0546395b, 1, 0 [(0 [0xC004F014, 0, 0], [(?)(?)(?)(?)(?)(?)(?)(?)])(1 )(2 )(3 )]\n3: 1d873132-f09f-4eb2-bf5a-2e4fb48935e8, 1, 0 [(0 [0xC004F014, 0, 0], [(?)(?)(?)(?)(?)(?)(?)(?)])(1 )(2 )(3 )]\n4: 2b1f36bb-c1cd-4306-bf5c-a0367c2d97d8, 1, 0 [(0 [0xC004F014, 0, 0], [(?)(?)(?)(?)(?)(?)(?)(?)])(1 )(2 )(3 )]\n5: 30d469c6-a78f-4476-b5c8-af78d5b6a5fb, 1, 0 [(0 [0xC004F014, 0, 0], [(?)(?)(?)(?)(?)(?)(?)(?)])(1 )(2 )(3 )]\n6: 3ae2cc14-ab2d-41f4-972f-5e20142771dc, 1, 0 [(0 [0xC004F014, 0, 0], [(?)(?)(?)(?)(?)(?)(?)(?)])(1 )(2 )(3 )]\n7: 4002e33a-524c-4100-8108-131a0d42c0ea, 1, 0 [(0 [0xC004F014, 0, 0], [(?)(?)(?)(?)(?)(?)(?)(?)])(1 )(2 )(3 )]\n8: 411b3d4f-be6d-4a06-baaa-9cabfc256cae, 1, 0 [(0 [0xC004F014, 0, 0], [(?)(?)(?)(?)(?)(?)(?)(?)])(1 )(2 )(3 )]\n9: 58e97c99-f377-4ef1-81d5-4ad5522b5fd8, 1, 0 [(0 [0xC004F014, 0, 0], [(?)(?)(?)(?)(?)(?)(?)(?)])(1 )(2 )(3 )]\n10: 653098ee-780d-4863-8cf2-d18399ce413b, 1, 0 [(0 [0xC004F014, 0, 0], [(?)(?)(?)(?)(?)(?)(?)(?)])(1 )(2 )(3 )]\n11: 71f411ae-7b4b-41bd-b68c-c519c499f950, 1, 0 [(0 [0xC004F014, 0, 0], [(?)(?)(?)(?)(?)(?)(?)(?)])(1 )(2 )(3 )]\n12: 74436dbb-cc17-46de-867f-14906ba4a938, 1, 0 [(0 [0xC004F014, 0, 0], [(?)(?)(?)(?)(?)(?)(?)(?)])(1 )(2 )(3 )]\n13: 8a292df8-d653-4057-8133-a0701792f912, 1, 0 [(0 [0xC004F014, 0, 0], [(?)(?)(?)(?)(?)(?)(?)(?)])(1 )(2 )(3 )]\n14: 8db63db6-4f8f-46d6-a448-66444faaaa72, 1, 0 [(0 [0xC004F014, 0, 0], [(?)(?)(?)(?)(?)(?)(?)(?)])(1 )(2 )(3 )]\n15: b0f8a518-2c58-4eb8-9319-084f0eb4ddc4, 1, 0 [(0 [0xC004F014, 0, 0], [(?)(?)(?)(?)(?)(?)(?)(?)])(1 )(2 )(3 )]\n16: cd918a57-a41b-4c82-8dce-1a538e221a83, 1, 0 [(0 [0xC004F014, 0, 0], [(?)(?)(?)(?)(?)(?)(?)(?)])(1 )(2 )(3 )]\n17: da9621af-f086-4244-b563-18611e51aa1a, 1, 0 [(0 [0xC004F014, 0, 0], [(?)(?)(?)(?)(?)(?)(?)(?)])(1 )(2 )(3 )]\n18: e371d89a-73e8-4b24-a7ff-23a3641dd18e, 1, 0 [(0 [0xC004F014, 0, 0], [(?)(?)(?)(?)(?)(?)(?)(?)])(1 )(2 )(3 )]\n19: ed799377-74b8-4989-a244-14d082e65972, 1, 0 [(0 [0xC004F014, 0, 0], [(?)(?)(?)(?)(?)(?)(?)(?)])(1 )(2 )(3 )]\n\n"
    },
    {
        "TimeGenerated": "2024-11-18 02:02:17",
        "SourceName": "Software Protection Platform Service",
        "EventID": 1033,
        "EventType": 4,
        "Message": "(Security-SPP-Reserved-EnableNotificationMode)  | 55c92734-d682-4d71-983e-d6ec3f16059f | 0567073a-7d74-403b-b2d5-6b35da372d8d"
    },
    {
        "TimeGenerated": "2024-11-18 02:02:17",
        "SourceName": "Software Protection Platform Service",
        "EventID": 1034,
        "EventType": 4,
        "Message": "Security-SPP-WriteWauMarker | 500"
    },
    {
        "TimeGenerated": "2024-11-18 02:02:17",
        "SourceName": "Software Protection Platform Service",
        "EventID": 1034,
        "EventType": 4,
        "Message": "AAD-BlockAADWorkplaceJoin-Default | 100"
    },
    {
        "TimeGenerated": "2024-11-18 02:02:16",
        "SourceName": "Software Protection Platform Service",
        "EventID": 1066,
        "EventType": 4,
        "Message": "C:\\WINDOWS\\system32\\sppwinob.dll, msft:spp/windowsfunctionality/agent/7.0, 0x00000000, 0x00000000\nC:\\WINDOWS\\system32\\sppobjs.dll, msft:rm/algorithm/inherited/1.0, 0x00000000, 0x00000000\nC:\\WINDOWS\\system32\\sppobjs.dll, msft:rm/algorithm/phone/1.0, 0x00000000, 0x00000000\nC:\\WINDOWS\\system32\\sppobjs.dll, msft:rm/algorithm/pkey/detect, 0x00000000, 0x00000000\nC:\\WINDOWS\\system32\\sppobjs.dll, msft:spp/ActionScheduler/1.0, 0x00000000, 0x00000000\nC:\\WINDOWS\\system32\\sppobjs.dll, msft:spp/TaskScheduler/1.0, 0x00000000, 0x00000000\nC:\\WINDOWS\\system32\\sppobjs.dll, msft:spp/statecollector/pkey, 0x00000000, 0x00000000\nC:\\WINDOWS\\system32\\sppobjs.dll, msft:spp/volume/services/kms/1.0, 0x00000000, 0x00000000\nC:\\WINDOWS\\system32\\sppobjs.dll, msft:spp/volume/services/kms/activationinfo/1.0, 0x00000000, 0x00000000\n"
    },
    {
        "TimeGenerated": "2024-11-18 02:02:16",
        "SourceName": "Software Protection Platform Service",
        "EventID": 16394,
        "EventType": 4,
        "Message": "N/A"
    },
    {
        "TimeGenerated": "2024-11-18 02:02:16",
        "SourceName": "Software Protection Platform Service",
        "EventID": 900,
        "EventType": 4,
        "Message": "TriggerStarted:6"
    },
    {
        "TimeGenerated": "2024-11-18 02:02:16",
        "SourceName": "Wlclntfy",
        "EventID": 6005,
        "EventType": 2,
        "Message": "TrustedInstaller | CreateSession"
    },
    {
        "TimeGenerated": "2024-11-18 02:01:13",
        "SourceName": "LG UWP Service",
        "EventID": 0,
        "EventType": 4,
        "Message": "서비스가 시작되었습니다."
    },
    {
        "TimeGenerated": "2024-11-18 02:01:03",
        "SourceName": "igccservice",
        "EventID": 0,
        "EventType": 4,
        "Message": "서비스가 시작되었습니다."
    },
    {
        "TimeGenerated": "2024-11-18 02:01:00",
        "SourceName": "Wondershare InstallAssist",
        "EventID": 0,
        "EventType": 4,
        "Message": "Wondershare InstallAssist | WindowsService in OnStart"
    },
    {
        "TimeGenerated": "2024-11-18 02:01:00",
        "SourceName": "Service1",
        "EventID": 0,
        "EventType": 4,
        "Message": "서비스가 시작되었습니다."
    },
    {
        "TimeGenerated": "2024-11-18 02:01:00",
        "SourceName": "LG Device Manager",
        "EventID": 0,
        "EventType": 4,
        "Message": "서비스가 시작되었습니다."
    },
    {
        "TimeGenerated": "2024-11-18 02:00:59",
        "SourceName": "LG Time Manager",
        "EventID": 0,
        "EventType": 4,
        "Message": "서비스가 시작되었습니다."
    },
    {
        "TimeGenerated": "2024-11-18 02:00:58",
        "SourceName": "Microsoft-Windows-WMI",
        "EventID": 5617,
        "EventType": 4,
        "Message": "N/A"
    },
    {
        "TimeGenerated": "2024-11-18 02:00:57",
        "SourceName": "Microsoft-Windows-WMI",
        "EventID": 5615,
        "EventType": 4,
        "Message": "N/A"
    },
    {
        "TimeGenerated": "2024-11-18 02:00:58",
        "SourceName": "LGControlCenterSVC",
        "EventID": 0,
        "EventType": 4,
        "Message": "서비스가 시작되었습니다."
    },
    {
        "TimeGenerated": "2024-11-18 02:00:58",
        "SourceName": "LGSCService",
        "EventID": 0,
        "EventType": 4,
        "Message": "서비스가 시작되었습니다."
    },
    {
        "TimeGenerated": "2024-11-18 02:00:58",
        "SourceName": "Desktop Window Manager",
        "EventID": 9027,
        "EventType": 4,
        "Message": "N/A"
    },
    {
        "TimeGenerated": "2024-11-18 02:00:57",
        "SourceName": "LMS",
        "EventID": 0,
        "EventType": 4,
        "Message": "Service started/resumed"
    },
    {
        "TimeGenerated": "2024-11-18 02:00:57",
        "SourceName": "LMS",
        "EventID": 2000,
        "EventType": 4,
        "Message": "Local Management Service started."
    },
    {
        "TimeGenerated": "2024-11-18 02:00:57",
        "SourceName": "VPWalletService",
        "EventID": 0,
        "EventType": 4,
        "Message": "VPWalletService | VPWallet Demon in OnStart"
    },
    {
        "TimeGenerated": "2024-11-18 02:00:57",
        "SourceName": "AGMService",
        "EventID": 0,
        "EventType": 4,
        "Message": "AGMService | CppWindowsService in OnStart"
    },
    {
        "TimeGenerated": "2024-11-18 02:00:57",
        "SourceName": "RtkAudioUniversalService",
        "EventID": 0,
        "EventType": 4,
        "Message": "RtkAudioUniversalService | CppWindowsService in OnStart"
    },
    {
        "TimeGenerated": "2024-11-18 02:00:57",
        "SourceName": "IntelDalJhi",
        "EventID": 0,
        "EventType": 4,
        "Message": "N/A"
    },
    {
        "TimeGenerated": "2024-11-18 02:00:57",
        "SourceName": "Bonjour Service",
        "EventID": 100,
        "EventType": 4,
        "Message": "Service started\n"
    },
    {
        "TimeGenerated": "2024-11-18 02:00:56",
        "SourceName": "Bonjour Service",
        "EventID": 100,
        "EventType": 4,
        "Message": "Service initialized"
    },
    {
        "TimeGenerated": "2024-11-18 02:00:56",
        "SourceName": "Bonjour Service",
        "EventID": 100,
        "EventType": 4,
        "Message": "Service initializing"
    },
    {
        "TimeGenerated": "2024-11-18 02:00:55",
        "SourceName": "Microsoft-Windows-User Profiles Service",
        "EventID": 1531,
        "EventType": 4,
        "Message": "N/A"
    },
    {
        "TimeGenerated": "2024-11-18 02:00:55",
        "SourceName": "igfxCUIService2.0.0.0",
        "EventID": 0,
        "EventType": 4,
        "Message": "Service started/resumed"
    },
    {
        "TimeGenerated": "2024-11-18 02:00:55",
        "SourceName": "EventSystem",
        "EventID": 4625,
        "EventType": 4,
        "Message": "86400 | SuppressDuplicateDuration | Software\\Microsoft\\EventSystem\\EventLog"
    },
    {
        "TimeGenerated": "2024-11-18 02:00:30",
        "SourceName": "Microsoft-Windows-User Profiles Service",
        "EventID": 1532,
        "EventType": 4,
        "Message": "N/A"
    },
    {
        "TimeGenerated": "2024-11-18 02:00:30",
        "SourceName": "LGSCService",
        "EventID": 0,
        "EventType": 4,
        "Message": "서비스가 종료되었습니다."
    },
    {
        "TimeGenerated": "2024-11-18 02:00:30",
        "SourceName": "LGControlCenterSVC",
        "EventID": 0,
        "EventType": 4,
        "Message": "서비스가 종료되었습니다."
    },
    {
        "TimeGenerated": "2024-11-18 02:00:30",
        "SourceName": "LMS",
        "EventID": 2000,
        "EventType": 4,
        "Message": "Local Management Service stopped."
    },
    {
        "TimeGenerated": "2024-11-18 02:00:30",
        "SourceName": "Bonjour Service",
        "EventID": 100,
        "EventType": 4,
        "Message": "Service stopped (0)\n"
    },
    {
        "TimeGenerated": "2024-11-18 02:00:29",
        "SourceName": "RtkAudioUniversalService",
        "EventID": 0,
        "EventType": 4,
        "Message": "RtkAudioUniversalService | CppWindowsService in OnStop"
    },
    {
        "TimeGenerated": "2024-11-18 02:00:29",
        "SourceName": "LG Time Manager",
        "EventID": 0,
        "EventType": 4,
        "Message": "서비스가 중지되었습니다."
    },
    {
        "TimeGenerated": "2024-11-18 02:00:29",
        "SourceName": "Service1",
        "EventID": 0,
        "EventType": 4,
        "Message": "서비스가 종료되었습니다."
    },
    {
        "TimeGenerated": "2024-11-18 01:58:09",
        "SourceName": "Wlclntfy",
        "EventID": 6000,
        "EventType": 4,
        "Message": "SessionEnv"
    },
    {
        "TimeGenerated": "2024-11-18 01:58:09",
        "SourceName": "Wlclntfy",
        "EventID": 6000,
        "EventType": 4,
        "Message": "WSearch"
    },
    {
        "TimeGenerated": "2024-11-18 01:58:09",
        "SourceName": "igfxCUIService2.0.0.0",
        "EventID": 0,
        "EventType": 4,
        "Message": " Logoff: 3\n"
    },
    {
        "TimeGenerated": "2024-11-18 01:58:09",
        "SourceName": "igfxCUIService2.0.0.0",
        "EventID": 0,
        "EventType": 4,
        "Message": " Logoff: Test\n"
    },
    {
        "TimeGenerated": "2024-11-18 01:58:02",
        "SourceName": "Microsoft-Windows-Winsrv",
        "EventID": 10001,
        "EventType": 4,
        "Message": "CodeSetup-stable-f1a4fb101478ce6ec82fe9627c43efbf9e98c813.tmp | 32"
    },
    {
        "TimeGenerated": "2024-11-18 01:38:43",
        "SourceName": ".NET Runtime",
        "EventID": 1000,
        "EventType": 4,
        "Message": "Velociraptor startup ARGV: [\"velociraptor-v0.73.3-windows-amd64.exe\",\"config\",\"generate\",\"-i\"]\n"
    },
    {
        "TimeGenerated": "2024-11-18 01:34:36",
        "SourceName": "SecurityCenter",
        "EventID": 15,
        "EventType": 4,
        "Message": "Windows Defender | SECURITY_PRODUCT_STATE_ON"
    },
