    {
        "TimeGenerated": "2024-11-18 00:11:28",
        "SourceName": "Universal Print",
        "EventID": 1,
        "EventType": 4,
        "Message": "Initialization Successful. Enabled=false, CloudPrintSolution=Unknown, DiscoveryEndpoint=, OAuthAuthority=, OAuthClientId=, DiscoveryResourceId=, PrintResourceId= | mcpmanagementservice.dll"
    },
    {
        "TimeGenerated": "2024-11-18 00:11:28",
        "SourceName": "Universal Print",
        "EventID": 1,
        "EventType": 4,
        "Message": "Device is neither AAD/Domain Joined or Workplace Joined. | mcpmanagementservice.dll"
    },
    {
        "TimeGenerated": "2024-11-18 00:10:54",
        "SourceName": "Software Protection Platform Service",
        "EventID": 1033,
        "EventType": 4,
        "Message": "(Security-SPP-Reserved-EnableNotificationMode)  | 55c92734-d682-4d71-983e-d6ec3f16059f | 0567073a-7d74-403b-b2d5-6b35da372d8d"
    },
    {
        "TimeGenerated": "2024-11-18 00:10:54",
        "SourceName": "Software Protection Platform Service",
        "EventID": 1034,
        "EventType": 4,
        "Message": "Security-SPP-WriteWauMarker | 500"
    },
    {
        "TimeGenerated": "2024-11-18 00:10:54",
        "SourceName": "Software Protection Platform Service",
        "EventID": 1034,
        "EventType": 4,
        "Message": "AAD-BlockAADWorkplaceJoin-Default | 100"
    },
    {
        "TimeGenerated": "2024-11-18 00:10:53",
        "SourceName": "Software Protection Platform Service",
        "EventID": 16394,
        "EventType": 4,
        "Message": "N/A"
    },
    {
        "TimeGenerated": "2024-11-18 00:10:52",
        "SourceName": "AGMService",
        "EventID": 0,
        "EventType": 4,
        "Message": "AGMService | CppWindowsService in OnStart"
    },
    {
        "TimeGenerated": "2024-11-18 00:10:28",
        "SourceName": "Software Protection Platform Service",
        "EventID": 16384,
        "EventType": 4,
        "Message": "2124-10-24T15:10:28Z | RulesEngine"
    },
    {
        "TimeGenerated": "2024-11-18 00:10:15",
        "SourceName": "VSS",
        "EventID": 8224,
        "EventType": 4,
        "Message": ""
    },
    {
        "TimeGenerated": "2024-11-18 00:09:56",
        "SourceName": "Software Protection Platform Service",
        "EventID": 16394,
        "EventType": 4,
        "Message": "N/A"
    },
    {
        "TimeGenerated": "2024-11-18 00:09:18",
        "SourceName": "Microsoft-Windows-System-Restore",
        "EventID": 8302,
        "EventType": 4,
        "Message": "\\\\?\\GLOBALROOT\\Device\\HarddiskVolumeShadowCopy5 | 0x0 | 464073 | 2289371 | 1032183 | 572814 | 880603 | 875395"
    },
    {
        "TimeGenerated": "2024-11-18 00:09:18",
        "SourceName": "Microsoft-Windows-System-Restore",
        "EventID": 8301,
        "EventType": 4,
        "Message": "\\\\?\\GLOBALROOT\\Device\\HarddiskVolumeShadowCopy5 | 0x0 | 464073 | 2289371 | 1032183 | 572814 | 880603 | 875395"
    },
    {
        "TimeGenerated": "2024-11-18 00:08:34",
        "SourceName": "Microsoft-Windows-System-Restore",
        "EventID": 8303,
        "EventType": 2,
        "Message": "\\\\?\\GLOBALROOT\\Device\\HarddiskVolumeShadowCopy4 | 0x80070057 | 462431 | 2282061 | 1029313 | 569426 | 881559 | 881164"
    },
    {
        "TimeGenerated": "2024-11-18 00:08:34",
        "SourceName": "Microsoft-Windows-System-Restore",
        "EventID": 8301,
        "EventType": 4,
        "Message": "\\\\?\\GLOBALROOT\\Device\\HarddiskVolumeShadowCopy4 | 0x80070057 | 462431 | 2282061 | 1029313 | 569426 | 881559 | 881164"
    },
    {
        "TimeGenerated": "2024-11-18 00:07:30",
        "SourceName": "edgeupdate",
        "EventID": 0,
        "EventType": 4,
        "Message": "Service stopped"
    },
    {
        "TimeGenerated": "2024-11-18 00:07:23",
        "SourceName": "Application",
        "EventID": 101,
        "EventType": 4,
        "Message": "App Name : C:\\ProgramData\\LG Software\\LG PC Care\\LGPCCareExtension.exe\nApp Version : 1.2008.601.0"
    },
    {
        "TimeGenerated": "2024-11-18 00:07:17",
        "SourceName": "Microsoft-Windows-System-Restore",
        "EventID": 8300,
        "EventType": 4,
        "Message": "\\\\?\\GLOBALROOT\\Device\\HarddiskVolumeShadowCopy5"
    },
    {
        "TimeGenerated": "2024-11-18 00:06:54",
        "SourceName": "System Restore",
        "EventID": 8194,
        "EventType": 4,
        "Message": "C:\\WINDOWS\\winsxs\\amd64_microsoft-windows-servicingstack_31bf3856ad364e35_10.0.22621.4383_none_e957b12c42d242a6\\TiWorker.exe -Embedding | Windows 모듈 설치 관리자"
    },
    {
        "TimeGenerated": "2024-11-18 00:05:37",
        "SourceName": "Universal Print",
        "EventID": 1,
        "EventType": 4,
        "Message": "Initialization Successful. Enabled=false, CloudPrintSolution=Unknown, DiscoveryEndpoint=, OAuthAuthority=, OAuthClientId=, DiscoveryResourceId=, PrintResourceId= | mcpmanagementservice.dll"
    },
    {
        "TimeGenerated": "2024-11-18 00:05:37",
        "SourceName": "Universal Print",
        "EventID": 1,
        "EventType": 4,
        "Message": "Device is neither AAD/Domain Joined or Workplace Joined. | mcpmanagementservice.dll"
    },
    {
        "TimeGenerated": "2024-11-18 00:05:19",
        "SourceName": "Microsoft-Windows-System-Restore",
        "EventID": 8300,
        "EventType": 4,
        "Message": "\\\\?\\GLOBALROOT\\Device\\HarddiskVolumeShadowCopy4"
    },
    {
        "TimeGenerated": "2024-11-18 00:05:08",
        "SourceName": "System Restore",
        "EventID": 8194,
        "EventType": 4,
        "Message": "C:\\WINDOWS\\winsxs\\amd64_microsoft-windows-servicingstack_31bf3856ad364e35_10.0.22621.4312_none_e950c5ee42d877a4\\TiWorker.exe -Embedding | Windows 모듈 설치 관리자"
    },
    {
        "TimeGenerated": "2024-11-18 00:04:44",
        "SourceName": "igfxCUIService2.0.0.0",
        "EventID": 0,
        "EventType": 4,
        "Message": "Received Post Shell Event 3\n"
    },
    {
        "TimeGenerated": "2024-11-18 00:04:44",
        "SourceName": "Wlclntfy",
        "EventID": 6000,
        "EventType": 4,
        "Message": "SessionEnv"
    },
    {
        "TimeGenerated": "2024-11-18 00:04:44",
        "SourceName": "igfxCUIService2.0.0.0",
        "EventID": 0,
        "EventType": 4,
        "Message": "Logon: 3\n"
    },
    {
        "TimeGenerated": "2024-11-18 00:04:44",
        "SourceName": "igfxCUIService2.0.0.0",
        "EventID": 0,
        "EventType": 4,
        "Message": "Log on event received User1\n"
    },
    {
        "TimeGenerated": "2024-11-18 00:04:43",
        "SourceName": "LGSCService",
        "EventID": 0,
        "EventType": 4,
        "Message": "서비스에서 PowerEvent를 처리했습니다."
    },
    {
        "TimeGenerated": "2024-11-18 00:04:43",
        "SourceName": "igccservice",
        "EventID": 0,
        "EventType": 4,
        "Message": "서비스에서 PowerEvent를 처리했습니다."
    },
    {
        "TimeGenerated": "2024-11-18 00:04:43",
        "SourceName": "LGControlCenterSVC",
        "EventID": 0,
        "EventType": 4,
        "Message": "서비스에서 PowerEvent를 처리했습니다."
    },
    {
        "TimeGenerated": "2024-11-18 00:04:43",
        "SourceName": "Service1",
        "EventID": 0,
        "EventType": 4,
        "Message": "서비스에서 PowerEvent를 처리했습니다."
    },
    {
        "TimeGenerated": "2024-11-18 00:04:42",
        "SourceName": "Wlclntfy",
        "EventID": 6003,
        "EventType": 4,
        "Message": "SessionEnv"
    },
    {
        "TimeGenerated": "2024-11-18 00:04:42",
        "SourceName": "Service1",
        "EventID": 0,
        "EventType": 1,
        "Message": "PowerEvent를 처리하지 못했습니다. 다음 오류가 발생했습니다. System.NullReferenceException: 개체 참조가 개체의 인스턴스로 설정되지 않았습니다.\r\n   위치: DeviceManager.Service1.OnPowerEvent(PowerBroadcastStatus powerStatus)\r\n   위치: System.ServiceProcess.ServiceBase.DeferredPowerEvent(Int32 eventType, IntPtr eventData)"
    },
    {
        "TimeGenerated": "2024-11-18 00:04:42",
        "SourceName": "LGSCService",
        "EventID": 0,
        "EventType": 4,
        "Message": "서비스에서 PowerEvent를 처리했습니다."
    },
    {
        "TimeGenerated": "2024-11-18 00:04:42",
        "SourceName": "igccservice",
        "EventID": 0,
        "EventType": 4,
        "Message": "서비스에서 PowerEvent를 처리했습니다."
    },
    {
        "TimeGenerated": "2024-11-18 00:04:42",
        "SourceName": "LGControlCenterSVC",
        "EventID": 0,
        "EventType": 4,
        "Message": "서비스에서 PowerEvent를 처리했습니다."
    },
    {
        "TimeGenerated": "2024-11-18 00:04:42",
        "SourceName": "LGSCService",
        "EventID": 0,
        "EventType": 4,
        "Message": "서비스에서 PowerEvent를 처리했습니다."
    },
    {
        "TimeGenerated": "2024-11-18 00:04:42",
        "SourceName": "igccservice",
        "EventID": 0,
        "EventType": 4,
        "Message": "서비스에서 PowerEvent를 처리했습니다."
    },
    {
        "TimeGenerated": "2024-11-18 00:04:42",
        "SourceName": "LGControlCenterSVC",
        "EventID": 0,
        "EventType": 4,
        "Message": "서비스에서 PowerEvent를 처리했습니다."
    },
    {
        "TimeGenerated": "2024-11-18 00:04:42",
        "SourceName": "Service1",
        "EventID": 0,
        "EventType": 4,
        "Message": "서비스에서 PowerEvent를 처리했습니다."
    },
    {
        "TimeGenerated": "2024-11-16 21:36:36",
        "SourceName": "Windows Error Reporting",
        "EventID": 1001,
        "EventType": 4,
        "Message": " | 0 | CbsPackageServicingFailure2 | 사용할 수 없음 | 0 | 10.0.22621.4027 | Package_for_ServicingStack_4383 | 22621.4383.1.3 | amd64 | unknown | 800710fe | Execute | Staged | Installed | DISM Package Manager Provider | \r\n\\\\?\\C:\\Windows\\Logs\\WinREAgent\\setupact.log\r\n\\\\?\\C:\\$WinREAgent\\Scratch\\Mount\\Windows\\servicing\\Sessions\\25044_329843984.xml\r\n\\\\?\\C:\\WINDOWS\\Logs\\Cbs\\FilterList.log | NULL |  | 0 | c34fe4b4-e556-4068-95c8-b95823ddd586 | 2147745792 |  | 0"
    },
    {
        "TimeGenerated": "2024-11-16 21:36:36",
        "SourceName": "Windows Error Reporting",
        "EventID": 1001,
        "EventType": 4,
        "Message": " | 0 | CbsPackageServicingFailure2 | 사용할 수 없음 | 0 | 10.0.22621.4027 | Package_for_ServicingStack_4383 | 22621.4383.1.3 | amd64 | unknown | 800710fe | Execute | Staged | Installed | DISM Package Manager Provider |  | NULL |  | 0 | c34fe4b4-e556-4068-95c8-b95823ddd586 | 2147483648 |  | 0"
    },
    {
        "TimeGenerated": "2024-11-16 21:36:35",
        "SourceName": "Windows Error Reporting",
        "EventID": 1001,
        "EventType": 4,
        "Message": " | 0 | WindowsWcpOtherFailure3 | 사용할 수 없음 | 0 | 10.0.22621.4027:1 | wcp\\primitiveinstallers\\settingsinstaller.cpp | LoadSMIPrimitiveInstaller | 67 | c0000267 | 0xc351d8a0 |  |  |  |  | \r\n\\\\?\\C:\\Windows\\Logs\\WinREAgent\\setupact.log\r\n\\\\?\\C:\\$WinREAgent\\Scratch\\Mount\\Windows\\servicing\\Sessions\\25044_329843984.xml\r\n\\\\?\\C:\\WINDOWS\\Logs\\Cbs\\FilterList.log | NULL |  | 0 | f4b94c41-5e29-4463-8c0d-42b5e5c63455 | 2147745792 |  | 0"
    },
    {
        "TimeGenerated": "2024-11-16 21:36:35",
        "SourceName": "Windows Error Reporting",
        "EventID": 1001,
        "EventType": 4,
        "Message": " | 0 | WindowsWcpOtherFailure3 | 사용할 수 없음 | 0 | 10.0.22621.4027:1 | wcp\\primitiveinstallers\\settingsinstaller.cpp | LoadSMIPrimitiveInstaller | 67 | c0000267 | 0xc351d8a0 |  |  |  |  |  | NULL |  | 0 | f4b94c41-5e29-4463-8c0d-42b5e5c63455 | 2147483648 |  | 0"
    },
    {
        "TimeGenerated": "2024-11-16 21:36:32",
        "SourceName": "VSS",
        "EventID": 8224,
        "EventType": 4,
        "Message": ""
    },
    {
        "TimeGenerated": "2024-11-16 21:36:29",
        "SourceName": "LGSCService",
        "EventID": 0,
        "EventType": 4,
        "Message": "서비스에서 PowerEvent를 처리했습니다."
    },
    {
        "TimeGenerated": "2024-11-16 21:36:29",
        "SourceName": "igccservice",
        "EventID": 0,
        "EventType": 4,
        "Message": "서비스에서 PowerEvent를 처리했습니다."
    },
    {
        "TimeGenerated": "2024-11-16 21:36:29",
        "SourceName": "LGControlCenterSVC",
        "EventID": 0,
        "EventType": 4,
        "Message": "서비스에서 PowerEvent를 처리했습니다."
    },
    {
        "TimeGenerated": "2024-11-16 21:36:29",
        "SourceName": "Service1",
        "EventID": 0,
        "EventType": 4,
        "Message": "서비스에서 PowerEvent를 처리했습니다."
    },
    {
        "TimeGenerated": "2024-11-16 21:36:26",
        "SourceName": "Wlclntfy",
        "EventID": 6000,
        "EventType": 4,
        "Message": "SessionEnv"
    },
    {
        "TimeGenerated": "2024-11-16 21:36:26",
        "SourceName": "Wlclntfy",
        "EventID": 6000,
        "EventType": 4,
        "Message": "WSearch"
    },
    {
        "TimeGenerated": "2024-11-16 21:36:14",
        "SourceName": "Service1",
        "EventID": 0,
        "EventType": 4,
        "Message": "서비스에서 PowerEvent를 처리했습니다."
    },
    {
        "TimeGenerated": "2024-11-16 21:36:14",
        "SourceName": "LGSCService",
        "EventID": 0,
        "EventType": 4,
        "Message": "서비스에서 PowerEvent를 처리했습니다."
    },
    {
        "TimeGenerated": "2024-11-16 21:36:14",
        "SourceName": "LGControlCenterSVC",
        "EventID": 0,
        "EventType": 4,
        "Message": "서비스에서 PowerEvent를 처리했습니다."
    },
    {
        "TimeGenerated": "2024-11-16 21:36:14",
        "SourceName": "igccservice",
        "EventID": 0,
        "EventType": 4,
        "Message": "서비스에서 PowerEvent를 처리했습니다."
    },
    {
        "TimeGenerated": "2024-11-16 21:36:12",
        "SourceName": "Desktop Window Manager",
        "EventID": 9027,
        "EventType": 4,
        "Message": "N/A"
    },
    {
        "TimeGenerated": "2024-11-16 21:35:32",
        "SourceName": "SecurityCenter",
        "EventID": 15,
        "EventType": 4,
        "Message": "Windows Defender | SECURITY_PRODUCT_STATE_ON"
    },
    {
        "TimeGenerated": "2024-11-16 21:34:01",
        "SourceName": "Software Protection Platform Service",
        "EventID": 16384,
        "EventType": 4,
        "Message": "2124-10-23T12:34:01Z | RulesEngine"
    },
    {
        "TimeGenerated": "2024-11-16 21:33:32",
        "SourceName": "System Restore",
        "EventID": 8216,
        "EventType": 4,
        "Message": "C:\\WINDOWS\\system32\\svchost.exe -k netsvcs -p -s wuauserv | Windows 업데이트"
    },
    {
        "TimeGenerated": "2024-11-16 21:33:30",
        "SourceName": "Software Protection Platform Service",
        "EventID": 16394,
        "EventType": 4,
        "Message": "N/A"
    },
    {
        "TimeGenerated": "2024-11-16 21:33:06",
        "SourceName": "SecurityCenter",
        "EventID": 15,
        "EventType": 4,
        "Message": "Windows Defender | SECURITY_PRODUCT_STATE_ON"
    },
    {
        "TimeGenerated": "2024-11-16 21:30:28",
        "SourceName": "Microsoft-Windows-RestartManager",
        "EventID": 10001,
        "EventType": 4,
        "Message": "0 | 2024-11-16T12:30:27.7250759Z"
    },
    {
        "TimeGenerated": "2024-11-16 21:30:28",
        "SourceName": "Microsoft-Windows-RestartManager",
        "EventID": 10005,
        "EventType": 4,
        "Message": "0 | 8 | 4C00470043006F006E00740072006F006C00430065006E00740065007200520054004D0061006E006100670065007200000048006E006300550070006400610074006500540072006100790000004700720061006D004C0069006E006B0045007800740065006E00730069006F006E00000048006E00630055007000640061007400650053006500720076006900630065005F00320030003200300000004C004700200044006500760069006300650020004D0061006E006100670065007200730000004C0047002000540069006D00650020004D0061006E00610067006500720000004C00470043006F006E00740072006F006C00430065006E0074006500720053005600430000004C0047005300430053006500720076006900630065000000 | 2"
    },
    {
        "TimeGenerated": "2024-11-16 21:30:27",
        "SourceName": "Microsoft-Windows-RestartManager",
        "EventID": 10010,
        "EventType": 2,
        "Message": "0 | 16412 | C:\\Program Files (x86)\\LG Software\\LG gram Link\\GramLinkExtension\\GramLinkExtension.exe | GramLinkExtension | 0 | 0 | 2 | 67108865 | 1"
    },
    {
        "TimeGenerated": "2024-11-16 21:30:27",
        "SourceName": "Microsoft-Windows-RestartManager",
        "EventID": 10010,
        "EventType": 2,
        "Message": "0 | 6624 | C:\\Program Files (x86)\\HNC\\Office 2020\\HncUtils\\Service\\HncUpdateTray.exe | HncUpdateTray | 0 | 0 | 2 | 67108865 | 1"
    },
    {
        "TimeGenerated": "2024-11-16 21:30:27",
        "SourceName": "Microsoft-Windows-RestartManager",
        "EventID": 10010,
        "EventType": 2,
        "Message": "0 | 15848 | C:\\Program Files (x86)\\LG Software\\LG Control Center\\LGControlCenterRTManager.exe | LGControlCenterRTManager | 0 | 0 | 2 | 67108865 | 1"
    },
    {
        "TimeGenerated": "2024-11-16 21:30:27",
        "SourceName": "Microsoft-Windows-RestartManager",
        "EventID": 10000,
        "EventType": 4,
        "Message": "0 | 2024-11-16T12:30:27.7250759Z"
    },
    {
        "TimeGenerated": "2024-11-16 21:27:02",
        "SourceName": "Software Protection Platform Service",
        "EventID": 16384,
        "EventType": 4,
        "Message": "2124-10-23T12:27:02Z | RulesEngine"
    },
    {
        "TimeGenerated": "2024-11-16 21:26:32",
        "SourceName": "Software Protection Platform Service",
        "EventID": 16394,
        "EventType": 4,
        "Message": "N/A"
    },
    {
        "TimeGenerated": "2024-11-16 21:24:57",
        "SourceName": "SecurityCenter",
        "EventID": 15,
        "EventType": 4,
        "Message": "Windows Defender | SECURITY_PRODUCT_STATE_ON"
    },
    {
        "TimeGenerated": "2024-11-16 21:23:37",
        "SourceName": "VSS",
        "EventID": 8224,
        "EventType": 4,
        "Message": ""
    },
    {
        "TimeGenerated": "2024-11-16 21:23:10",
        "SourceName": "SecurityCenter",
        "EventID": 15,
        "EventType": 4,
        "Message": "Windows Defender | SECURITY_PRODUCT_STATE_ON"
    },
    {
        "TimeGenerated": "2024-11-16 21:20:37",
        "SourceName": "System Restore",
        "EventID": 8216,
        "EventType": 4,
        "Message": "C:\\WINDOWS\\system32\\svchost.exe -k netsvcs -p -s wuauserv | Windows 업데이트"
    },
    {
        "TimeGenerated": "2024-11-16 21:16:39",
        "SourceName": "SecurityCenter",
        "EventID": 15,
        "EventType": 4,
        "Message": "Windows Defender | SECURITY_PRODUCT_STATE_ON"
    },
    {
        "TimeGenerated": "2024-11-16 21:15:50",
        "SourceName": "SecurityCenter",
        "EventID": 15,
        "EventType": 4,
        "Message": "Windows Defender | SECURITY_PRODUCT_STATE_ON"
    },
    {
        "TimeGenerated": "2024-11-16 21:11:15",
        "SourceName": "VSS",
        "EventID": 8224,
        "EventType": 4,
        "Message": ""
    },
    {
        "TimeGenerated": "2024-11-16 21:10:29",
        "SourceName": "Software Protection Platform Service",
        "EventID": 16384,
        "EventType": 4,
        "Message": "2124-10-23T12:10:29Z | RulesEngine"
    },
    {
        "TimeGenerated": "2024-11-16 21:09:59",
        "SourceName": "Software Protection Platform Service",
        "EventID": 1033,
        "EventType": 4,
        "Message": "(Security-SPP-Reserved-EnableNotificationMode)  | 55c92734-d682-4d71-983e-d6ec3f16059f | 0567073a-7d74-403b-b2d5-6b35da372d8d"
    },
    {
        "TimeGenerated": "2024-11-16 21:09:59",
        "SourceName": "Software Protection Platform Service",
        "EventID": 1034,
        "EventType": 4,
        "Message": "Security-SPP-WriteWauMarker | 500"
    },
    {
        "TimeGenerated": "2024-11-16 21:09:59",
        "SourceName": "Software Protection Platform Service",
        "EventID": 1034,
        "EventType": 4,
        "Message": "AAD-BlockAADWorkplaceJoin-Default | 100"
    },
    {
        "TimeGenerated": "2024-11-16 21:09:59",
        "SourceName": "Software Protection Platform Service",
        "EventID": 16394,
        "EventType": 4,
        "Message": "N/A"
    }
]